<?xml version="1.0" encoding="UTF-8"?>
<testsuite name="com.ai100x.order.RunCucumberTest" tests="2" skipped="0" failures="0" errors="0" timestamp="2025-07-30T11:20:29.583Z" hostname="DESKTOP-09KVEE3" time="0.054">
  <properties/>
  <testcase name="Single product without promotions" classname="com.ai100x.order.RunCucumberTest" time="0.051"/>
  <testcase name="Threshold discount applies when subtotal reaches 1000" classname="com.ai100x.order.RunCucumberTest" time="0.002"/>
  <system-out><![CDATA[]]></system-out>
  <system-err><![CDATA[]]></system-err>
</testsuite>
