<?xml version="1.0" encoding="UTF-8"?>
<testsuite name="com.ai100x.order.RunCucumberTest" tests="1" skipped="0" failures="0" errors="0" timestamp="2025-07-30T11:15:35.281Z" hostname="DESKTOP-09KVEE3" time="0.046">
  <properties/>
  <testcase name="Single product without promotions" classname="com.ai100x.order.RunCucumberTest" time="0.046"/>
  <system-out><![CDATA[]]></system-out>
  <system-err><![CDATA[]]></system-err>
</testsuite>
